<?xml version="1.0" encoding="UTF-8"?>
<!-- Generated by org.testng.reporters.JUnitReportReporter -->
<testsuite hostname="DESKTOP-8AKJV26" failures="0" tests="1" name="viewandcartbrands.TC_AP_014_Test" time="18.317" errors="0" timestamp="2025-08-28T20:31:04 IST" skipped="0">
  <testcase classname="viewandcartbrands.TC_AP_014_Test" name="brandcart" time="18.317">
    <system-out>
      <![CDATA[Brands text is visible
POLO brand is visible]]>
    </system-out>
  </testcase> <!-- brandcart -->
  <system-out>
    <![CDATA[Brands text is visible
POLO brand is visible]]>
  </system-out>
</testsuite> <!-- viewandcartbrands.TC_AP_014_Test -->
