<?xml version="1.0" encoding="UTF-8"?>
<!-- Generated by org.testng.reporters.JUnitReportReporter -->
<testsuite hostname="DESKTOP-8AKJV26" failures="0" tests="1" name="contactUs.TC_AP_001_Test" time="45.092" errors="0" timestamp="2025-07-03T22:43:54 IST" skipped="0">
  <testcase classname="contactUs.TC_AP_001_Test" name="clickonContactUs" time="45.092"/>
</testsuite> <!-- contactUs.TC_AP_001_Test -->
