<?xml version="1.0" encoding="UTF-8"?>
<!-- Generated by org.testng.reporters.JUnitReportReporter -->
<testsuite hostname="DESKTOP-8AKJV26" failures="0" tests="1" name="TestCase.TC_AP_002_Test" time="16.284" errors="0" timestamp="2025-07-04T08:26:08 IST" skipped="0">
  <testcase classname="TestCase.TC_AP_002_Test" name="clickonTestcase" time="16.284"/>
</testsuite> <!-- TestCase.TC_AP_002_Test -->
