<?xml version="1.0" encoding="UTF-8"?>
<!-- Generated by org.testng.reporters.JUnitReportReporter -->
<testsuite hostname="DESKTOP-8AKJV26" failures="0" tests="1" name="productQty.TC_AP_008_Test" time="21.717" errors="0" timestamp="2025-08-26T18:41:09 IST" skipped="0">
  <testcase classname="productQty.TC_AP_008_Test" name="checkaddqty" time="21.717">
    <system-out>
      <![CDATA[Home page displayed
Product Deatails page is displayed]]>
    </system-out>
  </testcase> <!-- checkaddqty -->
  <system-out>
    <![CDATA[Home page displayed
Product Deatails page is displayed]]>
  </system-out>
</testsuite> <!-- productQty.TC_AP_008_Test -->
