<?xml version="1.0" encoding="UTF-8"?>
<!-- Generated by org.testng.reporters.JUnitReportReporter -->
<testsuite hostname="DESKTOP-8AKJV26" failures="0" tests="1" name="searchprod_verify_aftr_login.TC_AP_015_Test" time="31.609" errors="0" timestamp="2025-08-29T11:34:05 IST" skipped="0">
  <testcase classname="searchprod_verify_aftr_login.TC_AP_015_Test" name="searchproductafterlogin" time="31.609">
    <system-out>
      <![CDATA[Searched Product page is visible]]>
    </system-out>
  </testcase> <!-- searchproductafterlogin -->
  <system-out>
    <![CDATA[Searched Product page is visible]]>
  </system-out>
</testsuite> <!-- searchprod_verify_aftr_login.TC_AP_015_Test -->
