<?xml version="1.0" encoding="UTF-8"?>
<!-- Generated by org.testng.reporters.JUnitReportReporter -->
<testsuite hostname="DESKTOP-8AKJV26" failures="0" tests="1" name="Registerbfrcheckoutntbd.TC_AP_010_Test" time="39.638" errors="0" timestamp="2025-08-26T20:57:59 IST" skipped="0">
  <testcase classname="Registerbfrcheckoutntbd.TC_AP_010_Test" name="refbfrCheckout" time="39.638">
    <system-out>
      <![CDATA[Home page displayed
ACCOUNT CREATED! msg is displayed
Logged in as ganesh msg is displayed
Cart page is displayed]]>
    </system-out>
  </testcase> <!-- refbfrCheckout -->
  <system-out>
    <![CDATA[Home page displayed
ACCOUNT CREATED! msg is displayed
Logged in as ganesh msg is displayed
Cart page is displayed]]>
  </system-out>
</testsuite> <!-- Registerbfrcheckoutntbd.TC_AP_010_Test -->
