<?xml version="1.0" encoding="UTF-8"?>
<!-- Generated by org.testng.reporters.JUnitReportReporter -->
<testsuite hostname="DESKTOP-8AKJV26" failures="0" tests="1" name="viewCategoryProducts.TC_AP_013_Test" time="73.914" errors="0" timestamp="2025-08-27T21:58:59 IST" skipped="0">
  <testcase classname="viewCategoryProducts.TC_AP_013_Test" name="viewcatProduct" time="73.914">
    <system-out>
      <![CDATA[Categories text is visible
Dress product is visible
Tshirt page is visible]]>
    </system-out>
  </testcase> <!-- viewcatProduct -->
  <system-out>
    <![CDATA[Categories text is visible
Dress product is visible
Tshirt page is visible]]>
  </system-out>
</testsuite> <!-- viewCategoryProducts.TC_AP_013_Test -->
