<?xml version="1.0" encoding="UTF-8"?>
<!-- Generated by org.testng.reporters.JUnitReportReporter -->
<testsuite hostname="DESKTOP-8AKJV26" failures="0" tests="1" name="add_review_prod.TC_AP_016_Test" time="12.394" errors="0" timestamp="2025-08-29T12:49:50 IST" skipped="0">
  <testcase classname="add_review_prod.TC_AP_016_Test" name="Addreview" time="12.394">
    <system-out>
      <![CDATA[ll product is visible
Write Your Review is visible]]>
    </system-out>
  </testcase> <!-- Addreview -->
  <system-out>
    <![CDATA[ll product is visible
Write Your Review is visible]]>
  </system-out>
</testsuite> <!-- add_review_prod.TC_AP_016_Test -->
