<?xml version="1.0" encoding="UTF-8"?>
<!-- Generated by org.testng.reporters.JUnitReportReporter -->
<testsuite hostname="DESKTOP-8AKJV26" failures="0" tests="1" name="loginbeforeCheckoout.TC_AP_011_Test" time="24.565" errors="0" timestamp="2025-08-27T12:13:48 IST" skipped="0">
  <testcase classname="loginbeforeCheckoout.TC_AP_011_Test" name="loginbfrckout" time="24.565">
    <system-out>
      <![CDATA[Home page displayed
Logged in as ganesh msg is displayed
Cart page is displayed]]>
    </system-out>
  </testcase> <!-- loginbfrckout -->
  <system-out>
    <![CDATA[Home page displayed
Logged in as ganesh msg is displayed
Cart page is displayed]]>
  </system-out>
</testsuite> <!-- loginbeforeCheckoout.TC_AP_011_Test -->
